<?xml version="1.0" encoding="UTF-8"?>
<testng-results skipped="0" failed="0" ignored="0" total="1" passed="1">
  <reporter-output>
  </reporter-output>
  <suite name="Default suite" duration-ms="1004" started-at="2017-02-25T04:06:08Z" finished-at="2017-02-25T04:06:09Z">
    <groups>
    </groups>
    <test name="Default test" duration-ms="1004" started-at="2017-02-25T04:06:08Z" finished-at="2017-02-25T04:06:09Z">
      <class name="net.me.test.TestCase">
        <test-method status="PASS" signature="testDatapoolReader()[pri:0, instance:net.me.test.TestCase@6ea12c19]" name="testDatapoolReader" duration-ms="965" started-at="2017-02-24T23:06:08Z" finished-at="2017-02-24T23:06:09Z">
          <reporter-output>
          </reporter-output>
        </test-method> <!-- testDatapoolReader -->
      </class> <!-- net.me.test.TestCase -->
    </test> <!-- Default test -->
  </suite> <!-- Default suite -->
</testng-results>
